  2.3050000e+003  2.1490000e+003  2.2800000e+003  2.1910000e+003
  2.2030000e+003  2.2280000e+003  2.0960000e+003  2.2870000e+003
  2.2710000e+003  2.5250000e+003  2.1230000e+003  2.3310000e+003
  2.2290000e+003  2.4780000e+003  2.1360000e+003  2.3670000e+003
  2.1210000e+003  2.5610000e+003  1.6990000e+003  2.4580000e+003
  2.0480000e+003  2.4570000e+003  1.7270000e+003  2.0100000e+003
  2.3030000e+003  2.1600000e+003  2.2690000e+003  2.1980000e+003
  2.1900000e+003  2.2430000e+003  2.0810000e+003  2.2840000e+003
  2.2640000e+003  2.5420000e+003  2.1200000e+003  2.3290000e+003
  2.2250000e+003  2.4920000e+003  2.1200000e+003  2.3680000e+003
  2.1160000e+003  2.5690000e+003  1.6910000e+003  2.4540000e+003
  2.0450000e+003  2.4700000e+003  1.7120000e+003  1.9930000e+003
  2.3080000e+003  2.1650000e+003  2.2650000e+003  2.1800000e+003
  2.1970000e+003  2.2450000e+003  2.0800000e+003  2.2750000e+003
  2.2600000e+003  2.5450000e+003  2.1030000e+003  2.3150000e+003
  2.2200000e+003  2.5020000e+003  2.1110000e+003  2.3480000e+003
  2.1080000e+003  2.5830000e+003  1.6780000e+003  2.4500000e+003
  2.0280000e+003  2.4750000e+003  1.6930000e+003  1.9990000e+003
  2.3130000e+003  2.1470000e+003  2.2610000e+003  2.1450000e+003
  2.2010000e+003  2.2290000e+003  2.0820000e+003  2.2420000e+003
  2.2670000e+003  2.5300000e+003  2.1060000e+003  2.2850000e+003
  2.2250000e+003  2.4930000e+003  2.1060000e+003  2.3160000e+003
  2.1110000e+003  2.5720000e+003  1.6790000e+003  2.4240000e+003
  2.0390000e+003  2.4640000e+003  1.7030000e+003  1.9660000e+003
  2.3190000e+003  2.0840000e+003  2.2540000e+003  2.2320000e+003
  2.2060000e+003  2.2420000e+003  2.0770000e+003  2.2600000e+003
  2.2750000e+003  2.5440000e+003  2.1070000e+003  2.3040000e+003
  2.2330000e+003  2.5100000e+003  2.1100000e+003  2.3370000e+003
  2.1170000e+003  2.5890000e+003  1.6790000e+003  2.4450000e+003
  2.0480000e+003  2.4780000e+003  1.7000000e+003  1.9990000e+003
  2.2990000e+003  2.0850000e+003  2.2410000e+003  2.2290000e+003
  2.1980000e+003  2.2450000e+003  2.0650000e+003  2.2560000e+003
  2.2730000e+003  2.5420000e+003  2.1230000e+003  2.2990000e+003
  2.2330000e+003  2.4990000e+003  2.1120000e+003  2.3270000e+003
  2.1190000e+003  2.5800000e+003  1.6750000e+003  2.4320000e+003
  2.0510000e+003  2.4750000e+003  1.6980000e+003  1.9870000e+003
  2.2910000e+003  2.0880000e+003  2.2360000e+003  2.2440000e+003
  2.1930000e+003  2.2470000e+003  2.0600000e+003  2.2600000e+003
  2.2690000e+003  2.5380000e+003  2.1210000e+003  2.3000000e+003
  2.2270000e+003  2.4960000e+003  2.1170000e+003  2.3370000e+003
  2.1180000e+003  2.5720000e+003  1.6720000e+003  2.4360000e+003
  2.0480000e+003  2.4580000e+003  1.7050000e+003  2.0190000e+003
  2.2970000e+003  2.0890000e+003  2.2450000e+003  2.2370000e+003
  2.1980000e+003  2.2540000e+003  2.0670000e+003  2.2550000e+003
  2.2710000e+003  2.5450000e+003  2.1290000e+003  2.2960000e+003
  2.2290000e+003  2.4970000e+003  2.1220000e+003  2.3320000e+003
  2.1200000e+003  2.5760000e+003  1.6720000e+003  2.4380000e+003
  2.0520000e+003  2.4700000e+003  1.7080000e+003  2.0230000e+003
  2.2890000e+003  2.0850000e+003  2.2490000e+003  2.2410000e+003
  2.1940000e+003  2.2460000e+003  2.0680000e+003  2.2560000e+003
  2.2660000e+003  2.5370000e+003  2.1350000e+003  2.2980000e+003
  2.2220000e+003  2.4970000e+003  2.1250000e+003  2.3370000e+003
  2.1110000e+003  2.5760000e+003  1.6710000e+003  2.4390000e+003
  2.0440000e+003  2.4690000e+003  1.7070000e+003  2.0220000e+003
  2.3150000e+003  2.0600000e+003  2.2440000e+003  2.1900000e+003
  2.2210000e+003  2.2020000e+003  2.0780000e+003  2.2120000e+003
  2.2890000e+003  2.4830000e+003  2.1250000e+003  2.2500000e+003
  2.2470000e+003  2.4680000e+003  2.1310000e+003  2.2830000e+003
  2.1310000e+003  2.5420000e+003  1.6780000e+003  2.3910000e+003
  2.0730000e+003  2.4170000e+003  1.7180000e+003  1.9810000e+003
  2.3060000e+003  2.0700000e+003  2.2190000e+003  2.1910000e+003
  2.2080000e+003  2.2210000e+003  2.0560000e+003  2.2180000e+003
  2.2800000e+003  2.5090000e+003  2.1060000e+003  2.2560000e+003
  2.2300000e+003  2.4730000e+003  2.1020000e+003  2.3050000e+003
  2.1120000e+003  2.5580000e+003  1.6660000e+003  2.4070000e+003
  2.0680000e+003  2.4480000e+003  1.6850000e+003  1.9950000e+003
  2.2650000e+003  2.1580000e+003  2.2170000e+003  2.0200000e+003
  2.1970000e+003  2.1080000e+003  2.0360000e+003  2.0260000e+003
  2.2610000e+003  2.3160000e+003  2.0860000e+003  1.9900000e+003
  2.1640000e+003  2.2760000e+003  2.1500000e+003  1.9060000e+003
  2.1120000e+003  2.4390000e+003  1.6330000e+003  2.1630000e+003
  2.0510000e+003  2.3690000e+003  1.6530000e+003  1.8660000e+003
  2.2490000e+003  2.1250000e+003  2.2050000e+003  2.1840000e+003
  2.1880000e+003  2.1430000e+003  2.0270000e+003  2.0690000e+003
  2.2520000e+003  2.3150000e+003  2.0910000e+003  2.0790000e+003
  2.1580000e+003  2.2370000e+003  2.1550000e+003  2.0810000e+003
  2.1080000e+003  2.4300000e+003  1.6330000e+003  2.1980000e+003
  2.0530000e+003  2.2930000e+003  1.6550000e+003  1.9880000e+003
  2.2490000e+003  2.2000000e+003  2.2130000e+003  2.3120000e+003
  2.1900000e+003  2.2530000e+003  2.0350000e+003  2.1730000e+003
  2.2510000e+003  2.4430000e+003  2.1010000e+003  2.1960000e+003
  2.1570000e+003  2.3600000e+003  2.1580000e+003  2.2200000e+003
  2.1050000e+003  2.5590000e+003  1.6360000e+003  2.3320000e+003
  2.0520000e+003  2.3960000e+003  1.6590000e+003  2.0850000e+003
  2.1710000e+003  2.1140000e+003  2.1150000e+003  2.2010000e+003
  2.1140000e+003  2.1990000e+003  1.9420000e+003  2.0940000e+003
  2.1830000e+003  2.4020000e+003  1.9950000e+003  2.1240000e+003
  2.0920000e+003  2.2890000e+003  2.0630000e+003  2.1390000e+003
  2.0480000e+003  2.4680000e+003  1.5740000e+003  2.2490000e+003
  1.9830000e+003  2.3240000e+003  1.6000000e+003  1.9990000e+003
  2.2440000e+003  2.1560000e+003  2.2140000e+003  2.2800000e+003
  2.1890000e+003  2.2580000e+003  2.0330000e+003  2.1740000e+003
  2.2620000e+003  2.4800000e+003  2.1040000e+003  2.2150000e+003
  2.1670000e+003  2.3650000e+003  2.1630000e+003  2.2340000e+003
  2.1210000e+003  2.5410000e+003  1.6390000e+003  2.3550000e+003
  2.0520000e+003  2.3850000e+003  1.6790000e+003  2.1060000e+003
  2.1690000e+003  2.0730000e+003  2.1140000e+003  2.1520000e+003
  2.1190000e+003  2.1700000e+003  1.9500000e+003  2.0770000e+003
  2.1800000e+003  2.3930000e+003  2.0060000e+003  2.1440000e+003
  2.0560000e+003  2.2940000e+003  2.1200000e+003  2.2070000e+003
  2.0580000e+003  2.4320000e+003  1.5860000e+003  2.3800000e+003
  1.9980000e+003  2.2960000e+003  1.6190000e+003  1.9930000e+003
  2.2540000e+003  2.1540000e+003  2.1940000e+003  2.2410000e+003
  2.2020000e+003  2.2470000e+003  2.0330000e+003  2.1650000e+003
  2.2610000e+003  2.4730000e+003  2.0880000e+003  2.2270000e+003
  2.1320000e+003  2.3760000e+003  2.2110000e+003  2.2880000e+003
  2.1320000e+003  2.5140000e+003  1.6470000e+003  2.4700000e+003
  2.0720000e+003  2.3720000e+003  1.6890000e+003  2.1020000e+003
